<?xml version="1.0" encoding="UTF-8"?>
<testsuite name="our_test" tests="5" skipped="0" failures="0" errors="0" timestamp="2017-01-19T20:36:43" hostname="COMPOZED-NBT-16" time="0.003">
  <properties/>
  <testcase name="createCar_withNoGas" classname="our_test" time="0.001"/>
  <testcase name="createCar_recordingOdemoterSettings" classname="our_test" time="0.0"/>
  <testcase name="createCar_driveUntilOutOfGas" classname="our_test" time="0.0"/>
  <testcase name="createCar_FillGasTank_PremiumOnly" classname="our_test" time="0.0"/>
  <testcase name="createCar_carIsBeingDriven" classname="our_test" time="0.0"/>
  <system-out><![CDATA[]]></system-out>
  <system-err><![CDATA[]]></system-err>
</testsuite>
